<?xml version="1.0" encoding="UTF-8"?>
<testng-results ignored="0" total="1" passed="1" failed="0" skipped="0">
  <reporter-output>
  </reporter-output>
  <suite started-at="2025-03-20T09:31:04 IST" name="Cucumber Test Suite" finished-at="2025-03-20T09:31:23 IST" duration-ms="19004">
    <groups>
      <group name="cucumber">
        <method signature="AbstractTestNGCucumberTests.runScenario(io.cucumber.testng.PickleWrapper,io.cucumber.testng.FeatureWrapper)[pri:0, instance:runners.TestRunner@3eb738bb]" name="runScenario" class="io.cucumber.testng.AbstractTestNGCucumberTests"/>
      </group> <!-- cucumber -->
    </groups>
    <test started-at="2025-03-20T09:31:04 IST" name="ZeroBank Tests" finished-at="2025-03-20T09:31:23 IST" duration-ms="19004">
      <class name="runners.TestRunner">
        <test-method is-config="true" signature="setUpClass(org.testng.ITestContext)[pri:0, instance:runners.TestRunner@3eb738bb]" started-at="2025-03-20T09:31:04 IST" name="setUpClass" finished-at="2025-03-20T09:31:05 IST" duration-ms="623" status="PASS">
          <params>
            <param index="0">
              <value>
                <![CDATA[org.testng.TestRunner@e11ecfa]]>
              </value>
            </param>
          </params>
          <reporter-output>
          </reporter-output>
        </test-method> <!-- setUpClass -->
        <test-method signature="runScenario(io.cucumber.testng.PickleWrapper,io.cucumber.testng.FeatureWrapper)[pri:0, instance:runners.TestRunner@3eb738bb]" started-at="2025-03-20T09:31:05 IST" name="runScenario" description="Runs Cucumber Scenarios" data-provider="scenarios" finished-at="2025-03-20T09:31:23 IST" duration-ms="18324" status="PASS">
          <params>
            <param index="0">
              <value>
                <![CDATA["Navigate to Account Summary and Verify Account Types"]]>
              </value>
            </param>
            <param index="1">
              <value>
                <![CDATA["Account Summary Functionality"]]>
              </value>
            </param>
          </params>
          <reporter-output>
          </reporter-output>
        </test-method> <!-- runScenario -->
        <test-method is-config="true" signature="tearDownClass()[pri:0, instance:runners.TestRunner@3eb738bb]" started-at="2025-03-20T09:31:23 IST" name="tearDownClass" finished-at="2025-03-20T09:31:23 IST" duration-ms="26" status="PASS">
          <reporter-output>
          </reporter-output>
        </test-method> <!-- tearDownClass -->
      </class> <!-- runners.TestRunner -->
    </test> <!-- ZeroBank Tests -->
  </suite> <!-- Cucumber Test Suite -->
</testng-results>
